<?xml version="1.0" encoding="UTF-8"?>
<testng-results skipped="0" failed="1" ignored="0" total="3" passed="2">
  <reporter-output>
  </reporter-output>
  <suite name="Default suite" duration-ms="61073" started-at="2021-06-20T23:17:09 CEST" finished-at="2021-06-20T23:18:11 CEST">
    <groups>
    </groups>
    <test name="Default test" duration-ms="61073" started-at="2021-06-20T23:17:09 CEST" finished-at="2021-06-20T23:18:11 CEST">
      <class name="tests.MyWishListsTests">
        <test-method status="PASS" signature="setUp()[pri:0, instance:tests.MyWishListsTests@fad74ee]" name="setUp" is-config="true" duration-ms="5773" started-at="2021-06-20T23:17:10 CEST" finished-at="2021-06-20T23:17:15 CEST">
          <reporter-output>
          </reporter-output>
        </test-method> <!-- setUp -->
        <test-method status="PASS" signature="navigateToPage()[pri:0, instance:tests.MyWishListsTests@fad74ee]" name="navigateToPage" is-config="true" duration-ms="12879" started-at="2021-06-20T23:17:15 CEST" finished-at="2021-06-20T23:17:28 CEST">
          <reporter-output>
          </reporter-output>
        </test-method> <!-- navigateToPage -->
        <test-method status="PASS" signature="createWishList()[pri:0, instance:tests.MyWishListsTests@fad74ee]" name="createWishList" duration-ms="4706" started-at="2021-06-20T23:17:28 CEST" finished-at="2021-06-20T23:17:33 CEST">
          <reporter-output>
          </reporter-output>
        </test-method> <!-- createWishList -->
        <test-method status="PASS" signature="deleteCookies()[pri:0, instance:tests.MyWishListsTests@fad74ee]" name="deleteCookies" is-config="true" duration-ms="2014" started-at="2021-06-20T23:17:33 CEST" finished-at="2021-06-20T23:17:35 CEST">
          <reporter-output>
          </reporter-output>
        </test-method> <!-- deleteCookies -->
        <test-method status="PASS" signature="navigateToPage()[pri:0, instance:tests.MyWishListsTests@fad74ee]" name="navigateToPage" is-config="true" duration-ms="6210" started-at="2021-06-20T23:17:35 CEST" finished-at="2021-06-20T23:17:41 CEST">
          <reporter-output>
          </reporter-output>
        </test-method> <!-- navigateToPage -->
        <test-method status="PASS" signature="addOneProductToWishList()[pri:1, instance:tests.MyWishListsTests@fad74ee]" name="addOneProductToWishList" duration-ms="12175" started-at="2021-06-20T23:17:41 CEST" finished-at="2021-06-20T23:17:53 CEST">
          <reporter-output>
          </reporter-output>
        </test-method> <!-- addOneProductToWishList -->
        <test-method status="PASS" signature="deleteCookies()[pri:0, instance:tests.MyWishListsTests@fad74ee]" name="deleteCookies" is-config="true" duration-ms="1515" started-at="2021-06-20T23:17:53 CEST" finished-at="2021-06-20T23:17:55 CEST">
          <reporter-output>
          </reporter-output>
        </test-method> <!-- deleteCookies -->
        <test-method status="PASS" signature="navigateToPage()[pri:0, instance:tests.MyWishListsTests@fad74ee]" name="navigateToPage" is-config="true" duration-ms="8428" started-at="2021-06-20T23:17:55 CEST" finished-at="2021-06-20T23:18:03 CEST">
          <reporter-output>
          </reporter-output>
        </test-method> <!-- navigateToPage -->
        <test-method status="FAIL" signature="deleteWishList()[pri:3, instance:tests.MyWishListsTests@fad74ee]" name="deleteWishList" duration-ms="2765" started-at="2021-06-20T23:18:03 CEST" finished-at="2021-06-20T23:18:06 CEST">
          <exception class="java.lang.AssertionError">
            <message>
              <![CDATA[expected [false] but found [true]]]>
            </message>
            <full-stacktrace>
              <![CDATA[java.lang.AssertionError: expected [false] but found [true]
at org.testng.Assert.fail(Assert.java:99)
at org.testng.Assert.failNotEquals(Assert.java:1037)
at org.testng.Assert.assertEqualsImpl(Assert.java:140)
at org.testng.Assert.assertEquals(Assert.java:122)
at org.testng.Assert.assertEquals(Assert.java:819)
at org.testng.Assert.assertEquals(Assert.java:829)
at tests.MyWishListsTests.deleteWishList(MyWishListsTests.java:77)
at sun.reflect.NativeMethodAccessorImpl.invoke0(Native Method)
at sun.reflect.NativeMethodAccessorImpl.invoke(Unknown Source)
at sun.reflect.DelegatingMethodAccessorImpl.invoke(Unknown Source)
at java.lang.reflect.Method.invoke(Unknown Source)
at org.testng.internal.MethodInvocationHelper.invokeMethod(MethodInvocationHelper.java:133)
at org.testng.internal.TestInvoker.invokeMethod(TestInvoker.java:598)
at org.testng.internal.TestInvoker.invokeTestMethod(TestInvoker.java:173)
at org.testng.internal.MethodRunner.runInSequence(MethodRunner.java:46)
at org.testng.internal.TestInvoker$MethodInvocationAgent.invoke(TestInvoker.java:824)
at org.testng.internal.TestInvoker.invokeTestMethods(TestInvoker.java:146)
at org.testng.internal.TestMethodWorker.invokeTestMethods(TestMethodWorker.java:146)
at org.testng.internal.TestMethodWorker.run(TestMethodWorker.java:128)
at java.util.ArrayList.forEach(Unknown Source)
at org.testng.TestRunner.privateRun(TestRunner.java:794)
at org.testng.TestRunner.run(TestRunner.java:596)
at org.testng.SuiteRunner.runTest(SuiteRunner.java:377)
at org.testng.SuiteRunner.runSequentially(SuiteRunner.java:371)
at org.testng.SuiteRunner.privateRun(SuiteRunner.java:332)
at org.testng.SuiteRunner.run(SuiteRunner.java:276)
at org.testng.SuiteRunnerWorker.runSuite(SuiteRunnerWorker.java:53)
at org.testng.SuiteRunnerWorker.run(SuiteRunnerWorker.java:96)
at org.testng.TestNG.runSuitesSequentially(TestNG.java:1212)
at org.testng.TestNG.runSuitesLocally(TestNG.java:1134)
at org.testng.TestNG.runSuites(TestNG.java:1063)
at org.testng.TestNG.run(TestNG.java:1031)
at org.testng.remote.AbstractRemoteTestNG.run(AbstractRemoteTestNG.java:115)
at org.testng.remote.RemoteTestNG.initAndRun(RemoteTestNG.java:251)
at org.testng.remote.RemoteTestNG.main(RemoteTestNG.java:77)
]]>
            </full-stacktrace>
          </exception> <!-- java.lang.AssertionError -->
          <reporter-output>
          </reporter-output>
        </test-method> <!-- deleteWishList -->
        <test-method status="PASS" signature="deleteCookies()[pri:0, instance:tests.MyWishListsTests@fad74ee]" name="deleteCookies" is-config="true" duration-ms="4390" started-at="2021-06-20T23:18:06 CEST" finished-at="2021-06-20T23:18:10 CEST">
          <reporter-output>
          </reporter-output>
        </test-method> <!-- deleteCookies -->
        <test-method status="PASS" signature="closeDriver()[pri:0, instance:tests.MyWishListsTests@fad74ee]" name="closeDriver" is-config="true" duration-ms="129" started-at="2021-06-20T23:18:10 CEST" finished-at="2021-06-20T23:18:11 CEST">
          <reporter-output>
          </reporter-output>
        </test-method> <!-- closeDriver -->
      </class> <!-- tests.MyWishListsTests -->
    </test> <!-- Default test -->
  </suite> <!-- Default suite -->
</testng-results>
